[debug] [2024-07-06T20:44:46.314Z] ----------------------------------------------------------------------
[debug] [2024-07-06T20:44:46.320Z] Command:       /nix/store/2hxfkbdbwh2s7rc20khzq8sjnywq0xs8-nodejs-18.19.1/bin/node /nix/store/9cksgsmi7xwqm3js1z92zhib6rnrjdcg-firebase-tools-13.9.0/lib/node_modules/firebase-tools/lib/bin/firebase.js init hosting
[debug] [2024-07-06T20:44:46.321Z] CLI Version:   13.9.0
[debug] [2024-07-06T20:44:46.321Z] Platform:      linux
[debug] [2024-07-06T20:44:46.322Z] Node Version:  v18.19.1
[debug] [2024-07-06T20:44:46.322Z] Time:          Sat Jul 06 2024 20:44:46 GMT+0000 (Coordinated Universal Time)
[debug] [2024-07-06T20:44:46.322Z] ----------------------------------------------------------------------
[debug] 
[debug] [2024-07-06T20:44:46.330Z] > command requires scopes: ["email","openid","https://www.googleapis.com/auth/cloudplatformprojects.readonly","https://www.googleapis.com/auth/firebase","https://www.googleapis.com/auth/cloud-platform"]
[debug] [2024-07-06T20:44:46.330Z] > authorizing via signed-in user (bayusatriapurnomo@gmail.com)
[info] 
     ######## #### ########  ######## ########     ###     ######  ########
     ##        ##  ##     ## ##       ##     ##  ##   ##  ##       ##
     ######    ##  ########  ######   ########  #########  ######  ######
     ##        ##  ##    ##  ##       ##     ## ##     ##       ## ##
     ##       #### ##     ## ######## ########  ##     ##  ######  ########

You're about to initialize a Firebase project in this directory:

  /home/user/Personal-Portfolio-Template

[info] 
=== Project Setup
[info] 
[info] First, let's associate this project directory with a Firebase project.
[info] You can create multiple project aliases by running firebase use --add, 
[info] but for now we'll just set up a default project.
[info] 
[info] i  If you want to create a project in a Google Cloud organization or folder, please use "firebase projects:create" instead, and return to this command when you've created the project. 
